2024-08-23 13:59:06 INFO  o.h.validator.internal.util.Version - HV000001: Hibernate Validator 8.0.1.Final
2024-08-23 13:59:06 INFO  c.c.a.ApiGatewayApplication - Starting ApiGatewayApplication using Java 22.0.2 with PID 183444 (/home/admin-klb/Documents/microservice-parent/api-gateway/bin/main started by admin-klb in /home/admin-klb/Documents/microservice-parent)
2024-08-23 13:59:06 INFO  c.c.a.ApiGatewayApplication - No active profile set, falling back to 1 default profile: "default"
2024-08-23 13:59:07 INFO  o.s.cloud.context.scope.GenericScope - BeanFactory id=dcfec9b2-e2f5-3098-a6f6-e1d68b9a9c77
2024-08-23 13:59:07 INFO  o.s.c.g.r.RouteDefinitionRouteLocator - Loaded RoutePredicateFactory [After]
2024-08-23 13:59:07 INFO  o.s.c.g.r.RouteDefinitionRouteLocator - Loaded RoutePredicateFactory [Before]
2024-08-23 13:59:07 INFO  o.s.c.g.r.RouteDefinitionRouteLocator - Loaded RoutePredicateFactory [Between]
2024-08-23 13:59:07 INFO  o.s.c.g.r.RouteDefinitionRouteLocator - Loaded RoutePredicateFactory [Cookie]
2024-08-23 13:59:07 INFO  o.s.c.g.r.RouteDefinitionRouteLocator - Loaded RoutePredicateFactory [Header]
2024-08-23 13:59:07 INFO  o.s.c.g.r.RouteDefinitionRouteLocator - Loaded RoutePredicateFactory [Host]
2024-08-23 13:59:07 INFO  o.s.c.g.r.RouteDefinitionRouteLocator - Loaded RoutePredicateFactory [Method]
2024-08-23 13:59:07 INFO  o.s.c.g.r.RouteDefinitionRouteLocator - Loaded RoutePredicateFactory [Path]
2024-08-23 13:59:07 INFO  o.s.c.g.r.RouteDefinitionRouteLocator - Loaded RoutePredicateFactory [Query]
2024-08-23 13:59:07 INFO  o.s.c.g.r.RouteDefinitionRouteLocator - Loaded RoutePredicateFactory [ReadBody]
2024-08-23 13:59:07 INFO  o.s.c.g.r.RouteDefinitionRouteLocator - Loaded RoutePredicateFactory [RemoteAddr]
2024-08-23 13:59:07 INFO  o.s.c.g.r.RouteDefinitionRouteLocator - Loaded RoutePredicateFactory [XForwardedRemoteAddr]
2024-08-23 13:59:07 INFO  o.s.c.g.r.RouteDefinitionRouteLocator - Loaded RoutePredicateFactory [Weight]
2024-08-23 13:59:07 INFO  o.s.c.g.r.RouteDefinitionRouteLocator - Loaded RoutePredicateFactory [CloudFoundryRouteService]
2024-08-23 13:59:07 INFO  o.s.b.w.e.netty.NettyWebServer - Netty started on port 8888 (http)
2024-08-23 13:59:07 INFO  c.c.a.ApiGatewayApplication - Started ApiGatewayApplication in 1.322 seconds (process running for 1.529)
2024-08-23 14:34:32 INFO  o.h.validator.internal.util.Version - HV000001: Hibernate Validator 8.0.1.Final
2024-08-23 14:34:32 INFO  c.c.a.ApiGatewayApplication - Starting ApiGatewayApplication using Java 22.0.2 with PID 209904 (/home/admin-klb/Documents/microservice-parent/api-gateway/bin/main started by admin-klb in /home/admin-klb/Documents/microservice-parent)
2024-08-23 14:34:32 INFO  c.c.a.ApiGatewayApplication - No active profile set, falling back to 1 default profile: "default"
2024-08-23 14:34:33 INFO  o.s.cloud.context.scope.GenericScope - BeanFactory id=dcfec9b2-e2f5-3098-a6f6-e1d68b9a9c77
2024-08-23 14:34:34 INFO  o.s.c.g.r.RouteDefinitionRouteLocator - Loaded RoutePredicateFactory [After]
2024-08-23 14:34:34 INFO  o.s.c.g.r.RouteDefinitionRouteLocator - Loaded RoutePredicateFactory [Before]
2024-08-23 14:34:34 INFO  o.s.c.g.r.RouteDefinitionRouteLocator - Loaded RoutePredicateFactory [Between]
2024-08-23 14:34:34 INFO  o.s.c.g.r.RouteDefinitionRouteLocator - Loaded RoutePredicateFactory [Cookie]
2024-08-23 14:34:34 INFO  o.s.c.g.r.RouteDefinitionRouteLocator - Loaded RoutePredicateFactory [Header]
2024-08-23 14:34:34 INFO  o.s.c.g.r.RouteDefinitionRouteLocator - Loaded RoutePredicateFactory [Host]
2024-08-23 14:34:34 INFO  o.s.c.g.r.RouteDefinitionRouteLocator - Loaded RoutePredicateFactory [Method]
2024-08-23 14:34:34 INFO  o.s.c.g.r.RouteDefinitionRouteLocator - Loaded RoutePredicateFactory [Path]
2024-08-23 14:34:34 INFO  o.s.c.g.r.RouteDefinitionRouteLocator - Loaded RoutePredicateFactory [Query]
2024-08-23 14:34:34 INFO  o.s.c.g.r.RouteDefinitionRouteLocator - Loaded RoutePredicateFactory [ReadBody]
2024-08-23 14:34:34 INFO  o.s.c.g.r.RouteDefinitionRouteLocator - Loaded RoutePredicateFactory [RemoteAddr]
2024-08-23 14:34:34 INFO  o.s.c.g.r.RouteDefinitionRouteLocator - Loaded RoutePredicateFactory [XForwardedRemoteAddr]
2024-08-23 14:34:34 INFO  o.s.c.g.r.RouteDefinitionRouteLocator - Loaded RoutePredicateFactory [Weight]
2024-08-23 14:34:34 INFO  o.s.c.g.r.RouteDefinitionRouteLocator - Loaded RoutePredicateFactory [CloudFoundryRouteService]
2024-08-23 14:34:34 INFO  o.s.b.w.e.netty.NettyWebServer - Netty started on port 8888 (http)
2024-08-23 14:34:34 INFO  c.c.a.ApiGatewayApplication - Started ApiGatewayApplication in 2.584 seconds (process running for 2.82)
2024-08-23 14:40:20 INFO  o.h.validator.internal.util.Version - HV000001: Hibernate Validator 8.0.1.Final
2024-08-23 14:40:20 INFO  c.c.a.ApiGatewayApplication - Starting ApiGatewayApplication using Java 22.0.2 with PID 214613 (/home/admin-klb/Documents/microservice-parent/api-gateway/bin/main started by admin-klb in /home/admin-klb/Documents/microservice-parent)
2024-08-23 14:40:20 INFO  c.c.a.ApiGatewayApplication - No active profile set, falling back to 1 default profile: "default"
2024-08-23 14:40:20 INFO  o.s.cloud.context.scope.GenericScope - BeanFactory id=dcfec9b2-e2f5-3098-a6f6-e1d68b9a9c77
2024-08-23 14:40:21 INFO  o.s.c.g.r.RouteDefinitionRouteLocator - Loaded RoutePredicateFactory [After]
2024-08-23 14:40:21 INFO  o.s.c.g.r.RouteDefinitionRouteLocator - Loaded RoutePredicateFactory [Before]
2024-08-23 14:40:21 INFO  o.s.c.g.r.RouteDefinitionRouteLocator - Loaded RoutePredicateFactory [Between]
2024-08-23 14:40:21 INFO  o.s.c.g.r.RouteDefinitionRouteLocator - Loaded RoutePredicateFactory [Cookie]
2024-08-23 14:40:21 INFO  o.s.c.g.r.RouteDefinitionRouteLocator - Loaded RoutePredicateFactory [Header]
2024-08-23 14:40:21 INFO  o.s.c.g.r.RouteDefinitionRouteLocator - Loaded RoutePredicateFactory [Host]
2024-08-23 14:40:21 INFO  o.s.c.g.r.RouteDefinitionRouteLocator - Loaded RoutePredicateFactory [Method]
2024-08-23 14:40:21 INFO  o.s.c.g.r.RouteDefinitionRouteLocator - Loaded RoutePredicateFactory [Path]
2024-08-23 14:40:21 INFO  o.s.c.g.r.RouteDefinitionRouteLocator - Loaded RoutePredicateFactory [Query]
2024-08-23 14:40:21 INFO  o.s.c.g.r.RouteDefinitionRouteLocator - Loaded RoutePredicateFactory [ReadBody]
2024-08-23 14:40:21 INFO  o.s.c.g.r.RouteDefinitionRouteLocator - Loaded RoutePredicateFactory [RemoteAddr]
2024-08-23 14:40:21 INFO  o.s.c.g.r.RouteDefinitionRouteLocator - Loaded RoutePredicateFactory [XForwardedRemoteAddr]
2024-08-23 14:40:21 INFO  o.s.c.g.r.RouteDefinitionRouteLocator - Loaded RoutePredicateFactory [Weight]
2024-08-23 14:40:21 INFO  o.s.c.g.r.RouteDefinitionRouteLocator - Loaded RoutePredicateFactory [CloudFoundryRouteService]
2024-08-23 14:40:21 INFO  o.s.b.w.e.netty.NettyWebServer - Netty started on port 8888 (http)
2024-08-23 14:40:21 INFO  c.c.a.ApiGatewayApplication - Started ApiGatewayApplication in 1.668 seconds (process running for 1.952)
2024-08-23 14:43:43 INFO  o.h.validator.internal.util.Version - HV000001: Hibernate Validator 8.0.1.Final
2024-08-23 14:43:43 INFO  c.c.a.ApiGatewayApplication - Starting ApiGatewayApplication using Java 22.0.2 with PID 217641 (/home/admin-klb/Documents/microservice-parent/api-gateway/bin/main started by admin-klb in /home/admin-klb/Documents/microservice-parent)
2024-08-23 14:43:43 INFO  c.c.a.ApiGatewayApplication - No active profile set, falling back to 1 default profile: "default"
2024-08-23 14:43:43 INFO  o.s.cloud.context.scope.GenericScope - BeanFactory id=dcfec9b2-e2f5-3098-a6f6-e1d68b9a9c77
2024-08-23 14:43:44 INFO  o.s.c.g.r.RouteDefinitionRouteLocator - Loaded RoutePredicateFactory [After]
2024-08-23 14:43:44 INFO  o.s.c.g.r.RouteDefinitionRouteLocator - Loaded RoutePredicateFactory [Before]
2024-08-23 14:43:44 INFO  o.s.c.g.r.RouteDefinitionRouteLocator - Loaded RoutePredicateFactory [Between]
2024-08-23 14:43:44 INFO  o.s.c.g.r.RouteDefinitionRouteLocator - Loaded RoutePredicateFactory [Cookie]
2024-08-23 14:43:44 INFO  o.s.c.g.r.RouteDefinitionRouteLocator - Loaded RoutePredicateFactory [Header]
2024-08-23 14:43:44 INFO  o.s.c.g.r.RouteDefinitionRouteLocator - Loaded RoutePredicateFactory [Host]
2024-08-23 14:43:44 INFO  o.s.c.g.r.RouteDefinitionRouteLocator - Loaded RoutePredicateFactory [Method]
2024-08-23 14:43:44 INFO  o.s.c.g.r.RouteDefinitionRouteLocator - Loaded RoutePredicateFactory [Path]
2024-08-23 14:43:44 INFO  o.s.c.g.r.RouteDefinitionRouteLocator - Loaded RoutePredicateFactory [Query]
2024-08-23 14:43:44 INFO  o.s.c.g.r.RouteDefinitionRouteLocator - Loaded RoutePredicateFactory [ReadBody]
2024-08-23 14:43:44 INFO  o.s.c.g.r.RouteDefinitionRouteLocator - Loaded RoutePredicateFactory [RemoteAddr]
2024-08-23 14:43:44 INFO  o.s.c.g.r.RouteDefinitionRouteLocator - Loaded RoutePredicateFactory [XForwardedRemoteAddr]
2024-08-23 14:43:44 INFO  o.s.c.g.r.RouteDefinitionRouteLocator - Loaded RoutePredicateFactory [Weight]
2024-08-23 14:43:44 INFO  o.s.c.g.r.RouteDefinitionRouteLocator - Loaded RoutePredicateFactory [CloudFoundryRouteService]
2024-08-23 14:43:44 INFO  o.s.b.w.e.netty.NettyWebServer - Netty started on port 8888 (http)
2024-08-23 14:43:44 INFO  c.c.a.ApiGatewayApplication - Started ApiGatewayApplication in 1.567 seconds (process running for 1.893)
2024-08-23 15:14:27 INFO  o.h.validator.internal.util.Version - HV000001: Hibernate Validator 8.0.1.Final
2024-08-23 15:14:27 INFO  c.c.a.ApiGatewayApplication - Starting ApiGatewayApplication using Java 22.0.2 with PID 239246 (/home/admin-klb/Documents/microservice-parent/api-gateway/bin/main started by admin-klb in /home/admin-klb/Documents/microservice-parent)
2024-08-23 15:14:27 INFO  c.c.a.ApiGatewayApplication - No active profile set, falling back to 1 default profile: "default"
2024-08-23 15:14:27 INFO  o.s.cloud.context.scope.GenericScope - BeanFactory id=dcfec9b2-e2f5-3098-a6f6-e1d68b9a9c77
2024-08-23 15:14:28 INFO  o.s.c.g.r.RouteDefinitionRouteLocator - Loaded RoutePredicateFactory [After]
2024-08-23 15:14:28 INFO  o.s.c.g.r.RouteDefinitionRouteLocator - Loaded RoutePredicateFactory [Before]
2024-08-23 15:14:28 INFO  o.s.c.g.r.RouteDefinitionRouteLocator - Loaded RoutePredicateFactory [Between]
2024-08-23 15:14:28 INFO  o.s.c.g.r.RouteDefinitionRouteLocator - Loaded RoutePredicateFactory [Cookie]
2024-08-23 15:14:28 INFO  o.s.c.g.r.RouteDefinitionRouteLocator - Loaded RoutePredicateFactory [Header]
2024-08-23 15:14:28 INFO  o.s.c.g.r.RouteDefinitionRouteLocator - Loaded RoutePredicateFactory [Host]
2024-08-23 15:14:28 INFO  o.s.c.g.r.RouteDefinitionRouteLocator - Loaded RoutePredicateFactory [Method]
2024-08-23 15:14:28 INFO  o.s.c.g.r.RouteDefinitionRouteLocator - Loaded RoutePredicateFactory [Path]
2024-08-23 15:14:28 INFO  o.s.c.g.r.RouteDefinitionRouteLocator - Loaded RoutePredicateFactory [Query]
2024-08-23 15:14:28 INFO  o.s.c.g.r.RouteDefinitionRouteLocator - Loaded RoutePredicateFactory [ReadBody]
2024-08-23 15:14:28 INFO  o.s.c.g.r.RouteDefinitionRouteLocator - Loaded RoutePredicateFactory [RemoteAddr]
2024-08-23 15:14:28 INFO  o.s.c.g.r.RouteDefinitionRouteLocator - Loaded RoutePredicateFactory [XForwardedRemoteAddr]
2024-08-23 15:14:28 INFO  o.s.c.g.r.RouteDefinitionRouteLocator - Loaded RoutePredicateFactory [Weight]
2024-08-23 15:14:28 INFO  o.s.c.g.r.RouteDefinitionRouteLocator - Loaded RoutePredicateFactory [CloudFoundryRouteService]
2024-08-23 15:14:28 INFO  o.s.b.w.e.netty.NettyWebServer - Netty started on port 8888 (http)
2024-08-23 15:14:28 INFO  c.c.a.ApiGatewayApplication - Started ApiGatewayApplication in 1.707 seconds (process running for 2.088)
2024-08-23 15:47:22 INFO  o.h.validator.internal.util.Version - HV000001: Hibernate Validator 8.0.1.Final
2024-08-23 15:47:22 INFO  c.c.a.ApiGatewayApplication - Starting ApiGatewayApplication using Java 22.0.2 with PID 263147 (/home/admin-klb/Documents/microservice-parent/api-gateway/bin/main started by admin-klb in /home/admin-klb/Documents/microservice-parent)
2024-08-23 15:47:22 INFO  c.c.a.ApiGatewayApplication - No active profile set, falling back to 1 default profile: "default"
2024-08-23 15:47:22 INFO  o.s.cloud.context.scope.GenericScope - BeanFactory id=dcfec9b2-e2f5-3098-a6f6-e1d68b9a9c77
2024-08-23 15:47:23 INFO  o.s.c.g.r.RouteDefinitionRouteLocator - Loaded RoutePredicateFactory [After]
2024-08-23 15:47:23 INFO  o.s.c.g.r.RouteDefinitionRouteLocator - Loaded RoutePredicateFactory [Before]
2024-08-23 15:47:23 INFO  o.s.c.g.r.RouteDefinitionRouteLocator - Loaded RoutePredicateFactory [Between]
2024-08-23 15:47:23 INFO  o.s.c.g.r.RouteDefinitionRouteLocator - Loaded RoutePredicateFactory [Cookie]
2024-08-23 15:47:23 INFO  o.s.c.g.r.RouteDefinitionRouteLocator - Loaded RoutePredicateFactory [Header]
2024-08-23 15:47:23 INFO  o.s.c.g.r.RouteDefinitionRouteLocator - Loaded RoutePredicateFactory [Host]
2024-08-23 15:47:23 INFO  o.s.c.g.r.RouteDefinitionRouteLocator - Loaded RoutePredicateFactory [Method]
2024-08-23 15:47:23 INFO  o.s.c.g.r.RouteDefinitionRouteLocator - Loaded RoutePredicateFactory [Path]
2024-08-23 15:47:23 INFO  o.s.c.g.r.RouteDefinitionRouteLocator - Loaded RoutePredicateFactory [Query]
2024-08-23 15:47:23 INFO  o.s.c.g.r.RouteDefinitionRouteLocator - Loaded RoutePredicateFactory [ReadBody]
2024-08-23 15:47:23 INFO  o.s.c.g.r.RouteDefinitionRouteLocator - Loaded RoutePredicateFactory [RemoteAddr]
2024-08-23 15:47:23 INFO  o.s.c.g.r.RouteDefinitionRouteLocator - Loaded RoutePredicateFactory [XForwardedRemoteAddr]
2024-08-23 15:47:23 INFO  o.s.c.g.r.RouteDefinitionRouteLocator - Loaded RoutePredicateFactory [Weight]
2024-08-23 15:47:23 INFO  o.s.c.g.r.RouteDefinitionRouteLocator - Loaded RoutePredicateFactory [CloudFoundryRouteService]
2024-08-23 15:47:23 INFO  o.s.b.w.e.netty.NettyWebServer - Netty started on port 8888 (http)
2024-08-23 15:47:23 INFO  c.c.a.ApiGatewayApplication - Started ApiGatewayApplication in 1.8 seconds (process running for 2.218)
2024-08-23 16:36:22 INFO  o.h.validator.internal.util.Version - HV000001: Hibernate Validator 8.0.1.Final
2024-08-23 16:36:22 INFO  c.c.a.ApiGatewayApplication - Starting ApiGatewayApplication using Java 22.0.2 with PID 295702 (/home/admin-klb/Documents/microservice-parent/api-gateway/bin/main started by admin-klb in /home/admin-klb/Documents/microservice-parent)
2024-08-23 16:36:22 INFO  c.c.a.ApiGatewayApplication - No active profile set, falling back to 1 default profile: "default"
2024-08-23 16:36:23 INFO  o.s.cloud.context.scope.GenericScope - BeanFactory id=649cf643-f9d2-31a6-a592-6e34de1b4044
2024-08-23 16:36:23 INFO  o.s.c.g.r.RouteDefinitionRouteLocator - Loaded RoutePredicateFactory [After]
2024-08-23 16:36:23 INFO  o.s.c.g.r.RouteDefinitionRouteLocator - Loaded RoutePredicateFactory [Before]
2024-08-23 16:36:23 INFO  o.s.c.g.r.RouteDefinitionRouteLocator - Loaded RoutePredicateFactory [Between]
2024-08-23 16:36:23 INFO  o.s.c.g.r.RouteDefinitionRouteLocator - Loaded RoutePredicateFactory [Cookie]
2024-08-23 16:36:23 INFO  o.s.c.g.r.RouteDefinitionRouteLocator - Loaded RoutePredicateFactory [Header]
2024-08-23 16:36:23 INFO  o.s.c.g.r.RouteDefinitionRouteLocator - Loaded RoutePredicateFactory [Host]
2024-08-23 16:36:23 INFO  o.s.c.g.r.RouteDefinitionRouteLocator - Loaded RoutePredicateFactory [Method]
2024-08-23 16:36:23 INFO  o.s.c.g.r.RouteDefinitionRouteLocator - Loaded RoutePredicateFactory [Path]
2024-08-23 16:36:23 INFO  o.s.c.g.r.RouteDefinitionRouteLocator - Loaded RoutePredicateFactory [Query]
2024-08-23 16:36:23 INFO  o.s.c.g.r.RouteDefinitionRouteLocator - Loaded RoutePredicateFactory [ReadBody]
2024-08-23 16:36:23 INFO  o.s.c.g.r.RouteDefinitionRouteLocator - Loaded RoutePredicateFactory [RemoteAddr]
2024-08-23 16:36:23 INFO  o.s.c.g.r.RouteDefinitionRouteLocator - Loaded RoutePredicateFactory [XForwardedRemoteAddr]
2024-08-23 16:36:23 INFO  o.s.c.g.r.RouteDefinitionRouteLocator - Loaded RoutePredicateFactory [Weight]
2024-08-23 16:36:23 INFO  o.s.c.g.r.RouteDefinitionRouteLocator - Loaded RoutePredicateFactory [CloudFoundryRouteService]
2024-08-23 16:36:24 INFO  o.s.b.w.e.netty.NettyWebServer - Netty started on port 8888 (http)
2024-08-23 16:36:24 INFO  c.c.a.ApiGatewayApplication - Started ApiGatewayApplication in 1.954 seconds (process running for 2.355)
2024-08-23 16:36:54 INFO  c.c.a.config.AuthenticationFilter - Enter authentiaction filter
2024-08-23 16:37:10 INFO  c.c.a.config.AuthenticationFilter - Enter authentiaction filter
2024-08-26 10:26:29 INFO  o.h.validator.internal.util.Version - HV000001: Hibernate Validator 8.0.1.Final
2024-08-26 10:26:29 INFO  c.c.a.ApiGatewayApplication - Starting ApiGatewayApplication using Java 22.0.2 with PID 70368 (/home/admin-klb/Documents/microservice-parent/api-gateway/bin/main started by admin-klb in /home/admin-klb/Documents/microservice-parent)
2024-08-26 10:26:29 INFO  c.c.a.ApiGatewayApplication - No active profile set, falling back to 1 default profile: "default"
2024-08-26 10:26:29 INFO  o.s.cloud.context.scope.GenericScope - BeanFactory id=649cf643-f9d2-31a6-a592-6e34de1b4044
2024-08-26 10:26:30 INFO  o.s.c.g.r.RouteDefinitionRouteLocator - Loaded RoutePredicateFactory [After]
2024-08-26 10:26:30 INFO  o.s.c.g.r.RouteDefinitionRouteLocator - Loaded RoutePredicateFactory [Before]
2024-08-26 10:26:30 INFO  o.s.c.g.r.RouteDefinitionRouteLocator - Loaded RoutePredicateFactory [Between]
2024-08-26 10:26:30 INFO  o.s.c.g.r.RouteDefinitionRouteLocator - Loaded RoutePredicateFactory [Cookie]
2024-08-26 10:26:30 INFO  o.s.c.g.r.RouteDefinitionRouteLocator - Loaded RoutePredicateFactory [Header]
2024-08-26 10:26:30 INFO  o.s.c.g.r.RouteDefinitionRouteLocator - Loaded RoutePredicateFactory [Host]
2024-08-26 10:26:30 INFO  o.s.c.g.r.RouteDefinitionRouteLocator - Loaded RoutePredicateFactory [Method]
2024-08-26 10:26:30 INFO  o.s.c.g.r.RouteDefinitionRouteLocator - Loaded RoutePredicateFactory [Path]
2024-08-26 10:26:30 INFO  o.s.c.g.r.RouteDefinitionRouteLocator - Loaded RoutePredicateFactory [Query]
2024-08-26 10:26:30 INFO  o.s.c.g.r.RouteDefinitionRouteLocator - Loaded RoutePredicateFactory [ReadBody]
2024-08-26 10:26:30 INFO  o.s.c.g.r.RouteDefinitionRouteLocator - Loaded RoutePredicateFactory [RemoteAddr]
2024-08-26 10:26:30 INFO  o.s.c.g.r.RouteDefinitionRouteLocator - Loaded RoutePredicateFactory [XForwardedRemoteAddr]
2024-08-26 10:26:30 INFO  o.s.c.g.r.RouteDefinitionRouteLocator - Loaded RoutePredicateFactory [Weight]
2024-08-26 10:26:30 INFO  o.s.c.g.r.RouteDefinitionRouteLocator - Loaded RoutePredicateFactory [CloudFoundryRouteService]
2024-08-26 10:26:30 INFO  o.s.b.w.e.netty.NettyWebServer - Netty started on port 8888 (http)
2024-08-26 10:26:30 INFO  c.c.a.ApiGatewayApplication - Started ApiGatewayApplication in 1.51 seconds (process running for 1.732)
